[HTTP] Binding to address: :1080
Creating API v1 with WebPath: 
Creating API v2 with WebPath: 
[APIv1] KEEPALIVE /api/v1/events
[APIv1] KEEPALIVE /api/v1/events
[APIv1] KEEPALIVE /api/v1/events
[APIv1] KEEPALIVE /api/v1/events
[APIv1] KEEPALIVE /api/v1/events
[APIv1] KEEPALIVE /api/v1/events
[APIv1] KEEPALIVE /api/v1/events
[APIv1] KEEPALIVE /api/v1/events
[APIv1] KEEPALIVE /api/v1/events
[APIv1] KEEPALIVE /api/v1/events
[APIv1] KEEPALIVE /api/v1/events
[APIv1] KEEPALIVE /api/v1/events
[APIv1] KEEPALIVE /api/v1/events
[APIv1] KEEPALIVE /api/v1/events
[APIv1] KEEPALIVE /api/v1/events
[APIv1] KEEPALIVE /api/v1/events
[APIv1] KEEPALIVE /api/v1/events
[APIv1] KEEPALIVE /api/v1/events
[APIv1] KEEPALIVE /api/v1/events
[APIv1] KEEPALIVE /api/v1/events
[APIv1] KEEPALIVE /api/v1/events
[APIv1] KEEPALIVE /api/v1/events
[APIv1] KEEPALIVE /api/v1/events
[APIv1] KEEPALIVE /api/v1/events
[APIv1] KEEPALIVE /api/v1/events
[APIv1] KEEPALIVE /api/v1/events
[APIv1] KEEPALIVE /api/v1/events
[APIv1] KEEPALIVE /api/v1/events
[APIv1] KEEPALIVE /api/v1/events
[APIv1] KEEPALIVE /api/v1/events
[APIv1] KEEPALIVE /api/v1/events
[APIv1] KEEPALIVE /api/v1/events
[APIv1] KEEPALIVE /api/v1/events
[APIv1] KEEPALIVE /api/v1/events
[APIv1] KEEPALIVE /api/v1/events
[APIv1] KEEPALIVE /api/v1/events
[APIv1] KEEPALIVE /api/v1/events
[APIv1] KEEPALIVE /api/v1/events
[APIv1] KEEPALIVE /api/v1/events
[APIv1] KEEPALIVE /api/v1/events
[APIv1] KEEPALIVE /api/v1/events
[APIv1] KEEPALIVE /api/v1/events
[APIv1] KEEPALIVE /api/v1/events
[APIv1] KEEPALIVE /api/v1/events
[APIv1] KEEPALIVE /api/v1/events
[APIv1] KEEPALIVE /api/v1/events
[APIv1] KEEPALIVE /api/v1/events
[APIv1] KEEPALIVE /api/v1/events
[APIv1] KEEPALIVE /api/v1/events
[APIv1] KEEPALIVE /api/v1/events
[APIv1] KEEPALIVE /api/v1/events
[APIv1] KEEPALIVE /api/v1/events
[APIv1] KEEPALIVE /api/v1/events
[APIv1] KEEPALIVE /api/v1/events
[APIv1] KEEPALIVE /api/v1/events
[APIv1] KEEPALIVE /api/v1/events
[APIv1] KEEPALIVE /api/v1/events
[APIv1] KEEPALIVE /api/v1/events
[APIv1] KEEPALIVE /api/v1/events
[APIv1] KEEPALIVE /api/v1/events
[APIv1] KEEPALIVE /api/v1/events
[APIv1] KEEPALIVE /api/v1/events
[APIv1] KEEPALIVE /api/v1/events
[APIv1] KEEPALIVE /api/v1/events
[APIv1] KEEPALIVE /api/v1/events
[APIv1] KEEPALIVE /api/v1/events
[APIv1] KEEPALIVE /api/v1/events
[APIv1] KEEPALIVE /api/v1/events
[APIv1] KEEPALIVE /api/v1/events
[APIv1] KEEPALIVE /api/v1/events
[APIv1] KEEPALIVE /api/v1/events
[APIv1] KEEPALIVE /api/v1/events
[APIv1] KEEPALIVE /api/v1/events
[APIv1] KEEPALIVE /api/v1/events
[APIv1] KEEPALIVE /api/v1/events
[APIv1] KEEPALIVE /api/v1/events
[APIv1] KEEPALIVE /api/v1/events
[APIv1] KEEPALIVE /api/v1/events
[APIv1] KEEPALIVE /api/v1/events
[APIv1] KEEPALIVE /api/v1/events
[APIv1] KEEPALIVE /api/v1/events
[APIv1] KEEPALIVE /api/v1/events
[APIv1] KEEPALIVE /api/v1/events
Got message in APIv2 websocket channel
[APIv2] BROADCAST /api/v2/websocket
Got message in APIv1 event stream
Sending content: {
  "ID": "T5068KZ788VDms5vdF1gzc3GI8WDvrlW4cwu3VVv8O8=@mailhog.example",
  "From": {
    "Relays": null,
    "Mailbox": "www-data",
    "Domain": "ea0f87da55ed",
    "Params": ""
  },
  "To": [
    {
      "Relays": null,
      "Mailbox": "mailhog",
      "Domain": "flywheel.local",
      "Params": ""
    }
  ],
  "Content": {
    "Headers": {
      "Content-Type": [
        "text/plain; charset=UTF-8"
      ],
      "Date": [
        "Sat, 29 Jun 2019 12:40:42 +0000"
      ],
      "From": [
        "WordPress \u003cwordpress@customizer.local\u003e"
      ],
      "MIME-Version": [
        "1.0"
      ],
      "Message-ID": [
        "\u003cedd2ee98f6cfa330ccc48fa6624f5443@customizer.local\u003e"
      ],
      "Received": [
        "from localhost by mailhog.example (MailHog)\r\n          id T5068KZ788VDms5vdF1gzc3GI8WDvrlW4cwu3VVv8O8=@mailhog.example; Sat, 29 Jun 2019 12:40:42 +0000"
      ],
      "Return-Path": [
        "\u003cwww-data@ea0f87da55ed\u003e"
      ],
      "Subject": [
        "[customizer] Your Site is Experiencing a Technical Issue"
      ],
      "To": [
        "dev-email@flywheel.local"
      ],
      "X-Mailer": [
        "PHPMailer 5.2.22 (https://github.com/PHPMailer/PHPMailer)"
      ],
      "X-PHP-Originating-Script": [
        "1000:class-phpmailer.php"
      ]
    },
    "Body": "Howdy!\r\n\r\nSince WordPress 5.2 there is a built-in feature that detects when a plugin or theme causes a fatal error on your site, and notifies you with this automated email.\r\n\r\nIn this case, WordPress caught an error with your theme, Customizer.\r\n\r\nFirst, visit your website (http://customizer.local/) and check for any visible issues. Next, visit the page where the error was caught (http://customizer.local/wp-admin/admin-ajax.php) and check for any visible issues.\r\n\r\nPlease contact your host for assistance with investigating this issue further.\r\n\r\nIf your site appears broken and you can't access your dashboard normally, WordPress now has a special \"recovery mode\". This lets you safely login to your dashboard and investigate further.\r\n\r\nhttp://customizer.local/wp-login.php?action=enter_recovery_mode\u0026rm_token=R0oixf1zLxfb8ApQpG8X2u\u0026rm_key=L8CYxhX2foFYTmWDFZ8v5H\r\n\r\nTo keep your site safe, this link will expire in 1 day. Don't worry about that, though: a new link will be emailed to you if the error occurs again after it expires.\r\n\r\n\r\n\r\nError Details\r\n=============\r\nAn error of type E_COMPILE_ERROR was caused in line 7 of the file /app/public/wp-content/themes/customizer/functions.php. Error message: require_once(): Failed opening required '/app/public/wp-content/themes/customizer/inc/codestar/cs.php' (include_path='.:/usr/share/php:/www/wp-content/pear')\r\n",
    "Size": 1802,
    "MIME": null
  },
  "Created": "2019-06-29T12:40:42.475428769Z",
  "MIME": null,
  "Raw": {
    "From": "www-data@ea0f87da55ed",
    "To": [
      "mailhog@flywheel.local"
    ],
    "Data": "To: dev-email@flywheel.local\r\nSubject: [customizer] Your Site is Experiencing a Technical Issue\r\nX-PHP-Originating-Script: 1000:class-phpmailer.php\r\nDate: Sat, 29 Jun 2019 12:40:42 +0000\r\nFrom: WordPress \u003cwordpress@customizer.local\u003e\r\nMessage-ID: \u003cedd2ee98f6cfa330ccc48fa6624f5443@customizer.local\u003e\r\nX-Mailer: PHPMailer 5.2.22 (https://github.com/PHPMailer/PHPMailer)\r\nMIME-Version: 1.0\r\nContent-Type: text/plain; charset=UTF-8\r\n\r\nHowdy!\r\n\r\nSince WordPress 5.2 there is a built-in feature that detects when a plugin or theme causes a fatal error on your site, and notifies you with this automated email.\r\n\r\nIn this case, WordPress caught an error with your theme, Customizer.\r\n\r\nFirst, visit your website (http://customizer.local/) and check for any visible issues. Next, visit the page where the error was caught (http://customizer.local/wp-admin/admin-ajax.php) and check for any visible issues.\r\n\r\nPlease contact your host for assistance with investigating this issue further.\r\n\r\nIf your site appears broken and you can't access your dashboard normally, WordPress now has a special \"recovery mode\". This lets you safely login to your dashboard and investigate further.\r\n\r\nhttp://customizer.local/wp-login.php?action=enter_recovery_mode\u0026rm_token=R0oixf1zLxfb8ApQpG8X2u\u0026rm_key=L8CYxhX2foFYTmWDFZ8v5H\r\n\r\nTo keep your site safe, this link will expire in 1 day. Don't worry about that, though: a new link will be emailed to you if the error occurs again after it expires.\r\n\r\n\r\n\r\nError Details\r\n=============\r\nAn error of type E_COMPILE_ERROR was caused in line 7 of the file /app/public/wp-content/themes/customizer/functions.php. Error message: require_once(): Failed opening required '/app/public/wp-content/themes/customizer/inc/codestar/cs.php' (include_path='.:/usr/share/php:/www/wp-content/pear')\r\n",
    "Helo": "localhost"
  }
}

[APIv1] BROADCAST /api/v1/events
Got message in APIv2 websocket channel
[APIv2] BROADCAST /api/v2/websocket
Got message in APIv1 event stream
Sending content: {
  "ID": "j2cKg5TpvraDtwrDvLcXucqiKv8_76aVOhkd2-3JeJg=@mailhog.example",
  "From": {
    "Relays": null,
    "Mailbox": "www-data",
    "Domain": "ea0f87da55ed",
    "Params": ""
  },
  "To": [
    {
      "Relays": null,
      "Mailbox": "mailhog",
      "Domain": "flywheel.local",
      "Params": ""
    }
  ],
  "Content": {
    "Headers": {
      "Content-Type": [
        "text/plain; charset=UTF-8"
      ],
      "Date": [
        "Sat, 29 Jun 2019 12:40:42 +0000"
      ],
      "From": [
        "WordPress \u003cwordpress@customizer.local\u003e"
      ],
      "MIME-Version": [
        "1.0"
      ],
      "Message-ID": [
        "\u003cef23a1271166929fb3e8b71e2ff89be8@customizer.local\u003e"
      ],
      "Received": [
        "from localhost by mailhog.example (MailHog)\r\n          id j2cKg5TpvraDtwrDvLcXucqiKv8_76aVOhkd2-3JeJg=@mailhog.example; Sat, 29 Jun 2019 12:40:42 +0000"
      ],
      "Return-Path": [
        "\u003cwww-data@ea0f87da55ed\u003e"
      ],
      "Subject": [
        "[customizer] Your Site is Experiencing a Technical Issue"
      ],
      "To": [
        "dev-email@flywheel.local"
      ],
      "X-Mailer": [
        "PHPMailer 5.2.22 (https://github.com/PHPMailer/PHPMailer)"
      ],
      "X-PHP-Originating-Script": [
        "1000:class-phpmailer.php"
      ]
    },
    "Body": "Howdy!\r\n\r\nSince WordPress 5.2 there is a built-in feature that detects when a plugin or theme causes a fatal error on your site, and notifies you with this automated email.\r\n\r\nIn this case, WordPress caught an error with your theme, Customizer.\r\n\r\nFirst, visit your website (http://customizer.local/) and check for any visible issues. Next, visit the page where the error was caught (http://customizer.local/wp-admin/admin-ajax.php) and check for any visible issues.\r\n\r\nPlease contact your host for assistance with investigating this issue further.\r\n\r\nIf your site appears broken and you can't access your dashboard normally, WordPress now has a special \"recovery mode\". This lets you safely login to your dashboard and investigate further.\r\n\r\nhttp://customizer.local/wp-login.php?action=enter_recovery_mode\u0026rm_token=ZYxFDhWnfktlqLtAQ2SQU3\u0026rm_key=ZSm59RHBxsXhKTWMjRowOd\r\n\r\nTo keep your site safe, this link will expire in 1 day. Don't worry about that, though: a new link will be emailed to you if the error occurs again after it expires.\r\n\r\n\r\n\r\nError Details\r\n=============\r\nAn error of type E_COMPILE_ERROR was caused in line 7 of the file /app/public/wp-content/themes/customizer/functions.php. Error message: require_once(): Failed opening required '/app/public/wp-content/themes/customizer/inc/codestar/cs.php' (include_path='.:/usr/share/php:/www/wp-content/pear')\r\n",
    "Size": 1802,
    "MIME": null
  },
  "Created": "2019-06-29T12:40:42.493098426Z",
  "MIME": null,
  "Raw": {
    "From": "www-data@ea0f87da55ed",
    "To": [
      "mailhog@flywheel.local"
    ],
    "Data": "To: dev-email@flywheel.local\r\nSubject: [customizer] Your Site is Experiencing a Technical Issue\r\nX-PHP-Originating-Script: 1000:class-phpmailer.php\r\nDate: Sat, 29 Jun 2019 12:40:42 +0000\r\nFrom: WordPress \u003cwordpress@customizer.local\u003e\r\nMessage-ID: \u003cef23a1271166929fb3e8b71e2ff89be8@customizer.local\u003e\r\nX-Mailer: PHPMailer 5.2.22 (https://github.com/PHPMailer/PHPMailer)\r\nMIME-Version: 1.0\r\nContent-Type: text/plain; charset=UTF-8\r\n\r\nHowdy!\r\n\r\nSince WordPress 5.2 there is a built-in feature that detects when a plugin or theme causes a fatal error on your site, and notifies you with this automated email.\r\n\r\nIn this case, WordPress caught an error with your theme, Customizer.\r\n\r\nFirst, visit your website (http://customizer.local/) and check for any visible issues. Next, visit the page where the error was caught (http://customizer.local/wp-admin/admin-ajax.php) and check for any visible issues.\r\n\r\nPlease contact your host for assistance with investigating this issue further.\r\n\r\nIf your site appears broken and you can't access your dashboard normally, WordPress now has a special \"recovery mode\". This lets you safely login to your dashboard and investigate further.\r\n\r\nhttp://customizer.local/wp-login.php?action=enter_recovery_mode\u0026rm_token=ZYxFDhWnfktlqLtAQ2SQU3\u0026rm_key=ZSm59RHBxsXhKTWMjRowOd\r\n\r\nTo keep your site safe, this link will expire in 1 day. Don't worry about that, though: a new link will be emailed to you if the error occurs again after it expires.\r\n\r\n\r\n\r\nError Details\r\n=============\r\nAn error of type E_COMPILE_ERROR was caused in line 7 of the file /app/public/wp-content/themes/customizer/functions.php. Error message: require_once(): Failed opening required '/app/public/wp-content/themes/customizer/inc/codestar/cs.php' (include_path='.:/usr/share/php:/www/wp-content/pear')\r\n",
    "Helo": "localhost"
  }
}

[APIv1] BROADCAST /api/v1/events
[APIv1] KEEPALIVE /api/v1/events
[APIv1] KEEPALIVE /api/v1/events
[APIv1] KEEPALIVE /api/v1/events
[APIv1] KEEPALIVE /api/v1/events
[APIv1] KEEPALIVE /api/v1/events
[APIv1] KEEPALIVE /api/v1/events
[APIv1] KEEPALIVE /api/v1/events
[APIv1] KEEPALIVE /api/v1/events
[APIv1] KEEPALIVE /api/v1/events
[APIv1] KEEPALIVE /api/v1/events
[APIv1] KEEPALIVE /api/v1/events
[APIv1] KEEPALIVE /api/v1/events
[APIv1] KEEPALIVE /api/v1/events
[APIv1] KEEPALIVE /api/v1/events
[APIv1] KEEPALIVE /api/v1/events
[APIv1] KEEPALIVE /api/v1/events
[APIv1] KEEPALIVE /api/v1/events
[APIv1] KEEPALIVE /api/v1/events
[APIv1] KEEPALIVE /api/v1/events
[APIv1] KEEPALIVE /api/v1/events
[APIv1] KEEPALIVE /api/v1/events
[APIv1] KEEPALIVE /api/v1/events
[APIv1] KEEPALIVE /api/v1/events
[APIv1] KEEPALIVE /api/v1/events
[APIv1] KEEPALIVE /api/v1/events
[APIv1] KEEPALIVE /api/v1/events
[APIv1] KEEPALIVE /api/v1/events
[APIv1] KEEPALIVE /api/v1/events
[APIv1] KEEPALIVE /api/v1/events
[APIv1] KEEPALIVE /api/v1/events
[APIv1] KEEPALIVE /api/v1/events
[APIv1] KEEPALIVE /api/v1/events
[APIv1] KEEPALIVE /api/v1/events
[APIv1] KEEPALIVE /api/v1/events
[APIv1] KEEPALIVE /api/v1/events
[APIv1] KEEPALIVE /api/v1/events
[APIv1] KEEPALIVE /api/v1/events
[APIv1] KEEPALIVE /api/v1/events
[APIv1] KEEPALIVE /api/v1/events
[APIv1] KEEPALIVE /api/v1/events
[APIv1] KEEPALIVE /api/v1/events
[APIv1] KEEPALIVE /api/v1/events
[APIv1] KEEPALIVE /api/v1/events
[APIv1] KEEPALIVE /api/v1/events
[APIv1] KEEPALIVE /api/v1/events
[APIv1] KEEPALIVE /api/v1/events
[APIv1] KEEPALIVE /api/v1/events
[APIv1] KEEPALIVE /api/v1/events
[APIv1] KEEPALIVE /api/v1/events
[APIv1] KEEPALIVE /api/v1/events
[APIv1] KEEPALIVE /api/v1/events
[APIv1] KEEPALIVE /api/v1/events
[APIv1] KEEPALIVE /api/v1/events
[APIv1] KEEPALIVE /api/v1/events
[APIv1] KEEPALIVE /api/v1/events
[APIv1] KEEPALIVE /api/v1/events
[APIv1] KEEPALIVE /api/v1/events
[APIv1] KEEPALIVE /api/v1/events
[APIv1] KEEPALIVE /api/v1/events
[APIv1] KEEPALIVE /api/v1/events
[APIv1] KEEPALIVE /api/v1/events
[APIv1] KEEPALIVE /api/v1/events
[APIv1] KEEPALIVE /api/v1/events
[APIv1] KEEPALIVE /api/v1/events
[APIv1] KEEPALIVE /api/v1/events
[APIv1] KEEPALIVE /api/v1/events
[APIv1] KEEPALIVE /api/v1/events
[APIv1] KEEPALIVE /api/v1/events
[APIv1] KEEPALIVE /api/v1/events
[APIv1] KEEPALIVE /api/v1/events
[APIv1] KEEPALIVE /api/v1/events
[APIv1] KEEPALIVE /api/v1/events
[APIv1] KEEPALIVE /api/v1/events
[APIv1] KEEPALIVE /api/v1/events
[APIv1] KEEPALIVE /api/v1/events
[APIv1] KEEPALIVE /api/v1/events
[APIv1] KEEPALIVE /api/v1/events
[APIv1] KEEPALIVE /api/v1/events
[APIv1] KEEPALIVE /api/v1/events
[APIv1] KEEPALIVE /api/v1/events
[APIv1] KEEPALIVE /api/v1/events
[APIv1] KEEPALIVE /api/v1/events
[APIv1] KEEPALIVE /api/v1/events
[APIv1] KEEPALIVE /api/v1/events
[APIv1] KEEPALIVE /api/v1/events
[APIv1] KEEPALIVE /api/v1/events
[APIv1] KEEPALIVE /api/v1/events
[APIv1] KEEPALIVE /api/v1/events
[APIv1] KEEPALIVE /api/v1/events
[APIv1] KEEPALIVE /api/v1/events
[APIv1] KEEPALIVE /api/v1/events
[APIv1] KEEPALIVE /api/v1/events
[APIv1] KEEPALIVE /api/v1/events
[APIv1] KEEPALIVE /api/v1/events
[APIv1] KEEPALIVE /api/v1/events
[APIv1] KEEPALIVE /api/v1/events
[APIv1] KEEPALIVE /api/v1/events
[APIv1] KEEPALIVE /api/v1/events
[APIv1] KEEPALIVE /api/v1/events
[APIv1] KEEPALIVE /api/v1/events
[APIv1] KEEPALIVE /api/v1/events
[APIv1] KEEPALIVE /api/v1/events
[APIv1] KEEPALIVE /api/v1/events
[APIv1] KEEPALIVE /api/v1/events
[APIv1] KEEPALIVE /api/v1/events
[APIv1] KEEPALIVE /api/v1/events
[APIv1] KEEPALIVE /api/v1/events
[APIv1] KEEPALIVE /api/v1/events
[APIv1] KEEPALIVE /api/v1/events
[APIv1] KEEPALIVE /api/v1/events
[APIv1] KEEPALIVE /api/v1/events
[APIv1] KEEPALIVE /api/v1/events
[APIv1] KEEPALIVE /api/v1/events
[APIv1] KEEPALIVE /api/v1/events
[APIv1] KEEPALIVE /api/v1/events
[APIv1] KEEPALIVE /api/v1/events
[APIv1] KEEPALIVE /api/v1/events
[APIv1] KEEPALIVE /api/v1/events
[APIv1] KEEPALIVE /api/v1/events
[APIv1] KEEPALIVE /api/v1/events
[APIv1] KEEPALIVE /api/v1/events
[APIv1] KEEPALIVE /api/v1/events
[APIv1] KEEPALIVE /api/v1/events
[APIv1] KEEPALIVE /api/v1/events
[APIv1] KEEPALIVE /api/v1/events
[APIv1] KEEPALIVE /api/v1/events
[APIv1] KEEPALIVE /api/v1/events
[APIv1] KEEPALIVE /api/v1/events
[APIv1] KEEPALIVE /api/v1/events
[APIv1] KEEPALIVE /api/v1/events
[APIv1] KEEPALIVE /api/v1/events
[APIv1] KEEPALIVE /api/v1/events
[APIv1] KEEPALIVE /api/v1/events
[APIv1] KEEPALIVE /api/v1/events
[APIv1] KEEPALIVE /api/v1/events
[APIv1] KEEPALIVE /api/v1/events
[APIv1] KEEPALIVE /api/v1/events
[APIv1] KEEPALIVE /api/v1/events
[APIv1] KEEPALIVE /api/v1/events
[APIv1] KEEPALIVE /api/v1/events
[APIv1] KEEPALIVE /api/v1/events
[APIv1] KEEPALIVE /api/v1/events
[APIv1] KEEPALIVE /api/v1/events
[APIv1] KEEPALIVE /api/v1/events
[APIv1] KEEPALIVE /api/v1/events
[APIv1] KEEPALIVE /api/v1/events
