Debug: Platform: Linux,4.9.93-boot2docker,x86_64,-jnone,-smalloc,-smalloc,-hcritbit

Debug: Child (190) Started
Info: Child (190) said Child starts
Error: Child (190) died signal=11
Error: Child (190) Last panic at: Mon, 01 Jul 2019 17:22:47 GMT
"Wrong turn at cache/cache_session.c:551:
Clock step detected
thread = (cache-worker)
version = varnish-4.1.10 revision 1d090c5a08f41c36562644bafcce9d3cb85d824f
ident = Linux,4.9.93-boot2docker,x86_64,-jnone,-smalloc,-smalloc,-hcritbit,epoll
now = 11172.688177 (mono), 1562001765.969006 (real)
Backtrace:
  0x557a01ff3b0d: varnishd(+0x47b0d) [0x557a01ff3b0d]
  0x557a01ff3f86: varnishd(+0x47f86) [0x557a01ff3f86]
  0x557a01ffe6e1: varnishd(SES_Delete+0x1e2) [0x557a01ffe6e1]
  0x557a01ff5d25: varnishd(Req_Cleanup+0x468) [0x557a01ff5d25]
  0x557a0201ba0d: varnishd(HTTP1_Session+0x7fd) [0x557a0201ba0d]
  0x557a01ffd7eb: varnishd(SES_Proto_Req+0x14c) [0x557a01ffd7eb]
  0x557a02013bac: varnishd(+0x67bac) [0x557a02013bac]
  0x557a020125c4: varnishd(+0x665c4) [0x557a020125c4]
  0x557a02013cf4: varnishd(+0x67cf4) [0x557a02013cf4]
  0x7f651684d494: libpthread.so.0(+0x7494) [0x7f651684d494]
req = 0x7f6507041020 {
  MAGIC 0x00000000 (Should:REQ_MAGIC/0x2751aaa1)
  vxid = 0, step = R_STP_RESTART,
  req_body = R_BODY_INIT,
  restarts = 0, esi_level = 0,
  ws = 0x7f6507041200 {
    MAGIC 0x00000000 (Should:WS_MAGIC/0x35fac554)
    id = \"\",
    {s,f,r,e} = {(nil),(nil),(nil),(nil)},
  },
  http[req] = (nil) {
"
Debug: Child cleanup complete
Debug: Child (8215) Started
Info: Child (8215) said Child starts
