[27-Jun-2019 08:49:47 UTC] PHP Warning:  An unexpected error occurred. Something may be wrong with WordPress.org or this server&#8217;s configuration. If you continue to have problems, please try the <a href="https://wordpress.org/support/">support forums</a>. (WordPress could not establish a secure connection to WordPress.org. Please contact your server administrator.) in /app/public/wp-includes/update.php on line 160
[27-Jun-2019 08:50:08 UTC] PHP Warning:  An unexpected error occurred. Something may be wrong with WordPress.org or this server&#8217;s configuration. If you continue to have problems, please try the <a href="https://wordpress.org/support/">support forums</a>. (WordPress could not establish a secure connection to WordPress.org. Please contact your server administrator.) in /app/public/wp-includes/update.php on line 384
[27-Jun-2019 08:50:28 UTC] PHP Warning:  An unexpected error occurred. Something may be wrong with WordPress.org or this server&#8217;s configuration. If you continue to have problems, please try the <a href="https://wordpress.org/support/">support forums</a>. (WordPress could not establish a secure connection to WordPress.org. Please contact your server administrator.) in /app/public/wp-includes/update.php on line 569
[27-Jun-2019 09:28:03 UTC] PHP Fatal error:  Uncaught ArgumentCountError: Too few arguments to function add_action(), 1 passed in /app/public/wp-content/themes/customizer/functions.php on line 93 and at least 2 expected in /app/public/wp-includes/plugin.php:405
Stack trace:
#0 /app/public/wp-content/themes/customizer/functions.php(93): add_action('wp_enqueue_scri...')
#1 /app/public/wp-settings.php(499): include('/app/public/wp-...')
#2 /app/public/wp-config.php(76): require_once('/app/public/wp-...')
#3 /app/public/wp-load.php(37): require_once('/app/public/wp-...')
#4 /app/public/wp-admin/admin-ajax.php(22): require_once('/app/public/wp-...')
#5 {main}
  thrown in /app/public/wp-includes/plugin.php on line 405
[27-Jun-2019 09:32:07 UTC] PHP Parse error:  syntax error, unexpected 'wp_enqueue_style' (T_STRING) in /app/public/wp-content/themes/customizer/functions.php on line 94
[27-Jun-2019 09:33:32 UTC] PHP Parse error:  syntax error, unexpected 'wp_enqueue_style' (T_STRING) in /app/public/wp-content/themes/customizer/functions.php on line 94
[27-Jun-2019 09:33:32 UTC] PHP Parse error:  syntax error, unexpected 'wp_enqueue_style' (T_STRING) in /app/public/wp-content/themes/customizer/functions.php on line 94
[27-Jun-2019 10:33:53 UTC] PHP Parse error:  syntax error, unexpected 'array' (T_ARRAY), expecting ',' or ')' in /app/public/wp-content/themes/customizer/inc/customizer.php on line 11
[27-Jun-2019 10:33:53 UTC] PHP Parse error:  syntax error, unexpected 'array' (T_ARRAY), expecting ',' or ')' in /app/public/wp-content/themes/customizer/inc/customizer.php on line 11
[27-Jun-2019 10:37:47 UTC] PHP Fatal error:  Uncaught Error: Call to undefined method WP_Customize_Manager::add_settings() in /app/public/wp-content/themes/customizer/inc/customizer.php:11
Stack trace:
#0 /app/public/wp-includes/class-wp-hook.php(286): cust_customizer_settings(Object(WP_Customize_Manager))
#1 /app/public/wp-includes/class-wp-hook.php(310): WP_Hook->apply_filters(NULL, Array)
#2 /app/public/wp-includes/plugin.php(465): WP_Hook->do_action(Array)
#3 /app/public/wp-includes/class-wp-customize-manager.php(928): do_action('customize_regis...', Object(WP_Customize_Manager))
#4 /app/public/wp-includes/class-wp-hook.php(286): WP_Customize_Manager->wp_loaded('')
#5 /app/public/wp-includes/class-wp-hook.php(310): WP_Hook->apply_filters(NULL, Array)
#6 /app/public/wp-includes/plugin.php(465): WP_Hook->do_action(Array)
#7 /app/public/wp-settings.php(546): do_action('wp_loaded')
#8 /app/public/wp-config.php(76): require_once('/app/public/wp-...')
#9 /app/public/wp-load.php(37): require_once('/app/public/wp-...')
#10 /app/public/wp-admin/admin.php(34) in /app/public/wp-content/themes/customizer/inc/customizer.php on line 11
[27-Jun-2019 16:59:10 UTC] PHP Parse error:  syntax error, unexpected ''step'' (T_CONSTANT_ENCAPSED_STRING), expecting ')' in /app/public/wp-content/themes/customizer/inc/customizer.php on line 126
[27-Jun-2019 16:59:11 UTC] PHP Parse error:  syntax error, unexpected ''step'' (T_CONSTANT_ENCAPSED_STRING), expecting ')' in /app/public/wp-content/themes/customizer/inc/customizer.php on line 126
[27-Jun-2019 16:59:12 UTC] PHP Parse error:  syntax error, unexpected ''step'' (T_CONSTANT_ENCAPSED_STRING), expecting ')' in /app/public/wp-content/themes/customizer/inc/customizer.php on line 126
[28-Jun-2019 09:11:33 UTC] PHP Warning:  An unexpected error occurred. Something may be wrong with WordPress.org or this server&#8217;s configuration. If you continue to have problems, please try the <a href="https://wordpress.org/support/">support forums</a>. (WordPress could not establish a secure connection to WordPress.org. Please contact your server administrator.) in /app/public/wp-includes/update.php on line 384
[28-Jun-2019 09:30:53 UTC] PHP Parse error:  syntax error, unexpected ')' in /app/public/wp-content/themes/customizer/inc/customizer.php on line 51
[28-Jun-2019 09:31:09 UTC] PHP Parse error:  syntax error, unexpected ')' in /app/public/wp-content/themes/customizer/inc/customizer.php on line 51
[28-Jun-2019 10:11:07 UTC] PHP Parse error:  syntax error, unexpected '}' in /app/public/wp-content/themes/customizer/functions.php on line 107
[28-Jun-2019 10:12:09 UTC] PHP Parse error:  syntax error, unexpected '}' in /app/public/wp-content/themes/customizer/functions.php on line 107
[28-Jun-2019 10:12:14 UTC] PHP Parse error:  syntax error, unexpected '}' in /app/public/wp-content/themes/customizer/functions.php on line 107
[28-Jun-2019 10:12:15 UTC] PHP Parse error:  syntax error, unexpected '}' in /app/public/wp-content/themes/customizer/functions.php on line 107
[28-Jun-2019 10:12:35 UTC] PHP Fatal error:  Uncaught Error: Call to undefined function get_theme_dom() in /app/public/wp-content/themes/customizer/functions.php:99
Stack trace:
#0 /app/public/wp-includes/class-wp-hook.php(286): customizer_scripts('')
#1 /app/public/wp-includes/class-wp-hook.php(310): WP_Hook->apply_filters(NULL, Array)
#2 /app/public/wp-includes/plugin.php(465): WP_Hook->do_action(Array)
#3 /app/public/wp-includes/script-loader.php(2537): do_action('wp_enqueue_scri...')
#4 /app/public/wp-includes/class-wp-hook.php(286): wp_enqueue_scripts('')
#5 /app/public/wp-includes/class-wp-hook.php(310): WP_Hook->apply_filters(NULL, Array)
#6 /app/public/wp-includes/plugin.php(465): WP_Hook->do_action(Array)
#7 /app/public/wp-includes/general-template.php(2745): do_action('wp_head')
#8 /app/public/wp-content/themes/customizer/index.php(6): wp_head()
#9 /app/public/wp-includes/template-loader.php(78): include('/app/public/wp-...')
#10 /app/public/wp-blog-header.php(19): require_once('/app/public/wp-...')
#11 /app/public/index.php(17): require('/app in /app/public/wp-content/themes/customizer/functions.php on line 99
[28-Jun-2019 13:51:32 UTC] PHP Parse error:  syntax error, unexpected '$wp_customizer' (T_VARIABLE) in /app/public/wp-content/themes/customizer/inc/customizer.php on line 58
[28-Jun-2019 13:56:11 UTC] PHP Parse error:  syntax error, unexpected end of file in /app/public/wp-content/themes/customizer/functions.php on line 124
[28-Jun-2019 13:56:11 UTC] PHP Parse error:  syntax error, unexpected end of file in /app/public/wp-content/themes/customizer/functions.php on line 124
[28-Jun-2019 15:25:38 UTC] PHP Parse error:  syntax error, unexpected '$services_icon_color' (T_VARIABLE) in /app/public/wp-content/themes/customizer/functions.php on line 98
[28-Jun-2019 15:25:38 UTC] PHP Parse error:  syntax error, unexpected '$services_icon_color' (T_VARIABLE) in /app/public/wp-content/themes/customizer/functions.php on line 98
[29-Jun-2019 09:55:52 UTC] PHP Warning:  An unexpected error occurred. Something may be wrong with WordPress.org or this server&#8217;s configuration. If you continue to have problems, please try the <a href="https://wordpress.org/support/">support forums</a>. (WordPress could not establish a secure connection to WordPress.org. Please contact your server administrator.) in /app/public/wp-includes/update.php on line 160
[29-Jun-2019 12:40:41 UTC] PHP Warning:  require_once(/app/public/wp-content/themes/customizer/inc/codestar/cs.php): failed to open stream: No such file or directory in /app/public/wp-content/themes/customizer/functions.php on line 7
[29-Jun-2019 12:40:41 UTC] PHP Fatal error:  require_once(): Failed opening required '/app/public/wp-content/themes/customizer/inc/codestar/cs.php' (include_path='.:/usr/share/php:/www/wp-content/pear') in /app/public/wp-content/themes/customizer/functions.php on line 7
[29-Jun-2019 12:40:42 UTC] PHP Warning:  require_once(/app/public/wp-content/themes/customizer/inc/codestar/cs.php): failed to open stream: No such file or directory in /app/public/wp-content/themes/customizer/functions.php on line 7
[29-Jun-2019 12:40:42 UTC] PHP Fatal error:  require_once(): Failed opening required '/app/public/wp-content/themes/customizer/inc/codestar/cs.php' (include_path='.:/usr/share/php:/www/wp-content/pear') in /app/public/wp-content/themes/customizer/functions.php on line 7
[29-Jun-2019 12:40:44 UTC] PHP Warning:  require_once(/app/public/wp-content/themes/customizer/inc/codestar/cs.php): failed to open stream: No such file or directory in /app/public/wp-content/themes/customizer/functions.php on line 7
[29-Jun-2019 12:40:44 UTC] PHP Fatal error:  require_once(): Failed opening required '/app/public/wp-content/themes/customizer/inc/codestar/cs.php' (include_path='.:/usr/share/php:/www/wp-content/pear') in /app/public/wp-content/themes/customizer/functions.php on line 7
[29-Jun-2019 12:41:08 UTC] PHP Warning:  require_once(/app/public/wp-content/themes/customizer/inc/codestar/cs.php): failed to open stream: No such file or directory in /app/public/wp-content/themes/customizer/functions.php on line 7
[29-Jun-2019 12:41:08 UTC] PHP Fatal error:  require_once(): Failed opening required '/app/public/wp-content/themes/customizer/inc/codestar/cs.php' (include_path='.:/usr/share/php:/www/wp-content/pear') in /app/public/wp-content/themes/customizer/functions.php on line 7
[29-Jun-2019 12:41:14 UTC] PHP Warning:  require_once(/app/public/wp-content/themes/customizer/inc/codestar/cs.php): failed to open stream: No such file or directory in /app/public/wp-content/themes/customizer/functions.php on line 7
[29-Jun-2019 12:41:14 UTC] PHP Fatal error:  require_once(): Failed opening required '/app/public/wp-content/themes/customizer/inc/codestar/cs.php' (include_path='.:/usr/share/php:/www/wp-content/pear') in /app/public/wp-content/themes/customizer/functions.php on line 7
[29-Jun-2019 13:36:17 UTC] PHP Fatal error:  Uncaught Error: Call to undefined function customizer_theme_options() in /app/public/wp-content/themes/customizer/inc/codestar/csf-customizer.php:40
Stack trace:
#0 /app/public/wp-includes/class-wp-hook.php(286): customizer_theme_option_init('')
#1 /app/public/wp-includes/class-wp-hook.php(310): WP_Hook->apply_filters(NULL, Array)
#2 /app/public/wp-includes/plugin.php(465): WP_Hook->do_action(Array)
#3 /app/public/wp-settings.php(525): do_action('init')
#4 /app/public/wp-config.php(76): require_once('/app/public/wp-...')
#5 /app/public/wp-load.php(37): require_once('/app/public/wp-...')
#6 /app/public/wp-admin/admin.php(34): require_once('/app/public/wp-...')
#7 /app/public/wp-admin/themes.php(10): require_once('/app/public/wp-...')
#8 {main}
  thrown in /app/public/wp-content/themes/customizer/inc/codestar/csf-customizer.php on line 40
[29-Jun-2019 13:36:17 UTC] PHP Fatal error:  Uncaught Error: Call to undefined function customizer_theme_options() in /app/public/wp-content/themes/customizer/inc/codestar/csf-customizer.php:40
Stack trace:
#0 /app/public/wp-includes/class-wp-hook.php(286): customizer_theme_option_init('')
#1 /app/public/wp-includes/class-wp-hook.php(310): WP_Hook->apply_filters(NULL, Array)
#2 /app/public/wp-includes/plugin.php(465): WP_Hook->do_action(Array)
#3 /app/public/wp-settings.php(525): do_action('init')
#4 /app/public/wp-config.php(76): require_once('/app/public/wp-...')
#5 /app/public/wp-load.php(37): require_once('/app/public/wp-...')
#6 /app/public/wp-admin/admin-ajax.php(22): require_once('/app/public/wp-...')
#7 {main}
  thrown in /app/public/wp-content/themes/customizer/inc/codestar/csf-customizer.php on line 40
[29-Jun-2019 13:36:17 UTC] PHP Fatal error:  Uncaught Error: Call to undefined function customizer_theme_options() in /app/public/wp-content/themes/customizer/inc/codestar/csf-customizer.php:40
Stack trace:
#0 /app/public/wp-includes/class-wp-hook.php(286): customizer_theme_option_init('')
#1 /app/public/wp-includes/class-wp-hook.php(310): WP_Hook->apply_filters(NULL, Array)
#2 /app/public/wp-includes/plugin.php(465): WP_Hook->do_action(Array)
#3 /app/public/wp-settings.php(525): do_action('init')
#4 /app/public/wp-config.php(76): require_once('/app/public/wp-...')
#5 /app/public/wp-load.php(37): require_once('/app/public/wp-...')
#6 /app/public/wp-admin/admin-ajax.php(22): require_once('/app/public/wp-...')
#7 {main}
  thrown in /app/public/wp-content/themes/customizer/inc/codestar/csf-customizer.php on line 40
[29-Jun-2019 13:57:34 UTC] PHP Fatal error:  Uncaught Error: Call to undefined function cs_get_customize_opiton() in /app/public/wp-content/themes/customizer/page-templates/about.php:45
Stack trace:
#0 /app/public/wp-includes/template-loader.php(78): include()
#1 /app/public/wp-blog-header.php(19): require_once('/app/public/wp-...')
#2 /app/public/index.php(17): require('/app/public/wp-...')
#3 {main}
  thrown in /app/public/wp-content/themes/customizer/page-templates/about.php on line 45
[29-Jun-2019 18:10:35 UTC] PHP Parse error:  syntax error, unexpected '}', expecting ';' in /app/public/wp-content/themes/customizer/inc/codestar/csf-customizer.php on line 133
[30-Jun-2019 12:40:18 UTC] PHP Warning:  An unexpected error occurred. Something may be wrong with WordPress.org or this server&#8217;s configuration. If you continue to have problems, please try the <a href="https://wordpress.org/support/">support forums</a>. (WordPress could not establish a secure connection to WordPress.org. Please contact your server administrator.) in /app/public/wp-includes/update.php on line 160
[30-Jun-2019 12:40:18 UTC] PHP Warning:  An unexpected error occurred. Something may be wrong with WordPress.org or this server&#8217;s configuration. If you continue to have problems, please try the <a href="https://wordpress.org/support/">support forums</a>. (WordPress could not establish a secure connection to WordPress.org. Please contact your server administrator.) in /app/public/wp-includes/update.php on line 384
[30-Jun-2019 12:40:19 UTC] PHP Warning:  An unexpected error occurred. Something may be wrong with WordPress.org or this server&#8217;s configuration. If you continue to have problems, please try the <a href="https://wordpress.org/support/">support forums</a>. (WordPress could not establish a secure connection to WordPress.org. Please contact your server administrator.) in /app/public/wp-includes/update.php on line 569
[30-Jun-2019 13:18:40 UTC] PHP Parse error:  syntax error, unexpected ')' in /app/public/wp-content/themes/customizer/page-templates/about.php on line 51
[30-Jun-2019 13:34:58 UTC] PHP Parse error:  syntax error, unexpected 'return' (T_RETURN) in /app/public/wp-content/themes/customizer/inc/customizer.php on line 343
[30-Jun-2019 13:35:13 UTC] PHP Parse error:  syntax error, unexpected 'return' (T_RETURN) in /app/public/wp-content/themes/customizer/inc/customizer.php on line 343
[30-Jun-2019 18:20:03 UTC] PHP Fatal error:  Uncaught Error: Class 'WP_Customize_Upload_Contro' not found in /app/public/wp-content/themes/customizer/inc/customizer.php:423
Stack trace:
#0 /app/public/wp-includes/class-wp-hook.php(286): cust_customizer_settings(Object(WP_Customize_Manager))
#1 /app/public/wp-includes/class-wp-hook.php(310): WP_Hook->apply_filters(NULL, Array)
#2 /app/public/wp-includes/plugin.php(465): WP_Hook->do_action(Array)
#3 /app/public/wp-includes/class-wp-customize-manager.php(928): do_action('customize_regis...', Object(WP_Customize_Manager))
#4 /app/public/wp-includes/class-wp-hook.php(286): WP_Customize_Manager->wp_loaded('')
#5 /app/public/wp-includes/class-wp-hook.php(310): WP_Hook->apply_filters(NULL, Array)
#6 /app/public/wp-includes/plugin.php(465): WP_Hook->do_action(Array)
#7 /app/public/wp-settings.php(546): do_action('wp_loaded')
#8 /app/public/wp-config.php(76): require_once('/app/public/wp-...')
#9 /app/public/wp-load.php(37): require_once('/app/public/wp-...')
#10 /app/public/wp-admin/admin-ajax.php(22): require_o in /app/public/wp-content/themes/customizer/inc/customizer.php on line 423
[30-Jun-2019 18:20:03 UTC] PHP Fatal error:  Uncaught Error: Class 'WP_Customize_Upload_Contro' not found in /app/public/wp-content/themes/customizer/inc/customizer.php:423
Stack trace:
#0 /app/public/wp-includes/class-wp-hook.php(286): cust_customizer_settings(Object(WP_Customize_Manager))
#1 /app/public/wp-includes/class-wp-hook.php(310): WP_Hook->apply_filters(NULL, Array)
#2 /app/public/wp-includes/plugin.php(465): WP_Hook->do_action(Array)
#3 /app/public/wp-includes/class-wp-customize-manager.php(928): do_action('customize_regis...', Object(WP_Customize_Manager))
#4 /app/public/wp-includes/class-wp-hook.php(286): WP_Customize_Manager->wp_loaded('')
#5 /app/public/wp-includes/class-wp-hook.php(310): WP_Hook->apply_filters(NULL, Array)
#6 /app/public/wp-includes/plugin.php(465): WP_Hook->do_action(Array)
#7 /app/public/wp-settings.php(546): do_action('wp_loaded')
#8 /app/public/wp-config.php(76): require_once('/app/public/wp-...')
#9 /app/public/wp-load.php(37): require_once('/app/public/wp-...')
#10 /app/public/wp-admin/admin.php(34): require_once(' in /app/public/wp-content/themes/customizer/inc/customizer.php on line 423
