[27-Jun-2019 08:46:09] NOTICE: fpm is running, pid 16
[27-Jun-2019 08:46:09] NOTICE: ready to handle connections
[27-Jun-2019 09:35:46] WARNING: [pool www] server reached pm.max_children setting (5), consider raising it
[27-Jun-2019 09:37:00] WARNING: [pool www] server reached pm.max_children setting (5), consider raising it
[27-Jun-2019 17:52:10] NOTICE: Terminating ...
[27-Jun-2019 17:52:10] NOTICE: exiting, bye-bye!
[28-Jun-2019 09:07:00] NOTICE: fpm is running, pid 64
[28-Jun-2019 09:07:00] NOTICE: ready to handle connections
[28-Jun-2019 14:10:35] NOTICE: Terminating ...
[28-Jun-2019 14:10:35] NOTICE: exiting, bye-bye!
[28-Jun-2019 15:10:22] NOTICE: fpm is running, pid 53
[28-Jun-2019 15:10:22] NOTICE: ready to handle connections
[28-Jun-2019 18:42:01] NOTICE: Terminating ...
[28-Jun-2019 18:42:02] NOTICE: exiting, bye-bye!
[29-Jun-2019 09:53:39] NOTICE: fpm is running, pid 49
[29-Jun-2019 09:53:39] NOTICE: ready to handle connections
[29-Jun-2019 19:07:42] NOTICE: Terminating ...
[29-Jun-2019 19:07:42] NOTICE: exiting, bye-bye!
[30-Jun-2019 12:38:10] NOTICE: fpm is running, pid 55
[30-Jun-2019 12:38:10] NOTICE: ready to handle connections
[30-Jun-2019 18:40:59] NOTICE: Terminating ...
[30-Jun-2019 18:40:59] NOTICE: exiting, bye-bye!
[30-Jun-2019 18:41:55] NOTICE: fpm is running, pid 90
[30-Jun-2019 18:41:55] NOTICE: ready to handle connections
[30-Jun-2019 18:42:21] NOTICE: Terminating ...
[30-Jun-2019 18:42:21] NOTICE: exiting, bye-bye!
[01-Jul-2019 10:57:23] NOTICE: fpm is running, pid 78
[01-Jul-2019 10:57:23] NOTICE: ready to handle connections
[02-Jul-2019 12:23:20] WARNING: [pool www] server reached pm.max_children setting (5), consider raising it
[02-Jul-2019 12:35:01] WARNING: [pool www] server reached pm.max_children setting (5), consider raising it
[02-Jul-2019 12:41:35] WARNING: [pool www] server reached pm.max_children setting (5), consider raising it
[02-Jul-2019 12:43:27] WARNING: [pool www] server reached pm.max_children setting (5), consider raising it
[03-Jul-2019 10:26:34] NOTICE: fpm is running, pid 47
[03-Jul-2019 10:26:34] NOTICE: ready to handle connections
